<?xml version="1.0" encoding="UTF-8"?>
<testng-results skipped="0" failed="0" total="1" passed="1">
  <reporter-output>
  </reporter-output>
  <suite name="Default suite" duration-ms="53196" started-at="2016-06-16T16:20:29Z" finished-at="2016-06-16T16:21:22Z">
    <groups>
    </groups>
    <test name="Default test" duration-ms="53196" started-at="2016-06-16T16:20:29Z" finished-at="2016-06-16T16:21:22Z">
      <class name="fps.regression_mainsuite.Functional_Sprint4">
        <test-method status="PASS" signature="iniciar()[pri:0, instance:fps.regression_mainsuite.Functional_Sprint4@58651fd0]" name="iniciar" is-config="true" duration-ms="28676" started-at="2016-06-16T11:20:29Z" finished-at="2016-06-16T11:20:57Z">
          <reporter-output>
          </reporter-output>
        </test-method> <!-- iniciar -->
        <test-method status="PASS" signature="redondeoPrecioProducto()[pri:1, instance:fps.regression_mainsuite.Functional_Sprint4@58651fd0]" name="redondeoPrecioProducto" duration-ms="24448" started-at="2016-06-16T11:20:57Z" finished-at="2016-06-16T11:21:22Z">
          <reporter-output>
          </reporter-output>
        </test-method> <!-- redondeoPrecioProducto -->
      </class> <!-- fps.regression_mainsuite.Functional_Sprint4 -->
    </test> <!-- Default test -->
  </suite> <!-- Default suite -->
</testng-results>
